#
# A fatal error has been detected by the Java Runtime Environment:
#
#  SIGBUS (0xa) at pc=0x00007fff7e06fa97, pid=24368, tid=775
#
# JRE version: Java(TM) SE Runtime Environment (8.0_65-b17) (build 1.8.0_65-b17)
# Java VM: Java HotSpot(TM) 64-Bit Server VM (25.65-b01 mixed mode bsd-amd64 compressed oops)
# Problematic frame:
# C  [CoreGraphics+0x36a97]  decode_swap+0xa3
#
# Failed to write core dump. Core dumps have been disabled. To enable core dumping, try "ulimit -c unlimited" before starting Java again
#
# If you would like to submit a bug report, please visit:
#   http://bugreport.java.com/bugreport/crash.jsp
# The crash happened outside the Java Virtual Machine in native code.
# See problematic frame for where to report the bug.
#

---------------  T H R E A D  ---------------

Current thread (0x00007fbeed024800):  JavaThread "JavaFX Application Thread" daemon [_thread_in_native, id=775, stack(0x00007fff5be55000,0x00007fff5c655000)]

siginfo: si_signo: 10 (SIGBUS), si_code: 2 (BUS_ADRERR), si_addr: 0x000000076d382ed0

Registers:
RAX=0x00007fbef6e36560, RBX=0x00007fbef6e36560, RCX=0x0000000000000200, RDX=0x000000076d382ed0
RSP=0x00007fff5c649588, RBP=0x00007fff5c6495a0, RSI=0x00007fbef6e36560, RDI=0x0000000000000004
R8 =0x00000000000001f0, R9 =0x00000000000001f0, R10=0x000000076d3830d0, R11=0x00007fbef6e36760
R12=0x00007fbef490c560, R13=0x00007fbef490bd80, R14=0x000000076d382ed0, R15=0x000000076d382ed0
RIP=0x00007fff7e06fa97, EFLAGS=0x0000000000010206, ERR=0x0000000000000004
  TRAPNO=0x000000000000000e

Top of Stack: (sp=0x00007fff5c649588)
0x00007fff5c649588:   00007fbef6e36560 000000076d382ed0
0x00007fff5c649598:   000000076d382ed0 00007fff5c649720
0x00007fff5c6495a8:   00007fff7e06b9e4 0000000000000080
0x00007fff5c6495b8:   00007fbeead4de80 00007fff5c649a60
0x00007fff5c6495c8:   00007fff7e148c99 00007fff5c6496d0
0x00007fff5c6495d8:   00007fff7e36c122 0000000000000600
0x00007fff5c6495e8:   000000007e220258 0000000000000020
0x00007fff5c6495f8:   3fcf3e7cf9f3e7d0 0000001400000009
0x00007fff5c649608:   0000000000000080 0000000000000000
0x00007fff5c649618:   00007fff5c649630 3fcf3e7cf9f3e7d0
0x00007fff5c649628:   0000000000000020 bf431796b600bd1e
0x00007fff5c649638:   bf98e4d5a46b4e71 bfb1ea36e8b9d8cd
0x00007fff5c649648:   0000000000000000 0000002000000008
0x00007fff5c649658:   0000000000000020 3fe2ddb700000000
0x00007fff5c649668:   3fec401a00000001 3ff0000000000000
0x00007fff5c649678:   3fec401a00000200 0000000000000080
0x00007fff5c649688:   00007fbeea542570 3f90209c00000001
0x00007fff5c649698:   0000000000000005 bfb1ea3600000004
0x00007fff5c6496a8:   0000000000000004 0000000000000001
0x00007fff5c6496b8:   0000000000000003 0000000000000080
0x00007fff5c6496c8:   0000000000000180 0000000000000200
0x00007fff5c6496d8:   0000000000000200 00007fff00000003
0x00007fff5c6496e8:   0000000000000008 00007fff00000000
0x00007fff5c6496f8:   0000000000000005 0000000000000000
0x00007fff5c649708:   0000000000000000 00007fff5c649d50
0x00007fff5c649718:   67960d65b42e000d 00007fff5c649810
0x00007fff5c649728:   00007fff7e21fcf2 00007fbe00000180
0x00007fff5c649738:   00007fbef490c560 00007fff00000080
0x00007fff5c649748:   00007fff7e21fc5c 00007fff5c649830
0x00007fff5c649758:   00007fff930b5522 00000001035c7000
0x00007fff5c649768:   00007fbef91fc080 00007fbef917a210
0x00007fff5c649778:   00007fbef917a2a0 0000000000000005 

Instructions: (pc=0x00007fff7e06fa97)
0x00007fff7e06fa77:   c1 eb 5f 83 f9 10 7c 7f 44 8d 41 f0 45 89 c1 41
0x00007fff7e06fa87:   83 e1 f0 4e 8d 5c 0e 10 4e 8d 54 0a 10 48 89 f0
0x00007fff7e06fa97:   44 8b 3a 44 8b 72 04 41 0f cf 41 0f ce 8b 7a 08
0x00007fff7e06faa7:   0f cf 8b 5a 0c 0f cb 83 c1 f0 44 89 38 44 89 70 

Register to memory mapping:

RAX=0x00007fbef6e36560 is an unknown value
RBX=0x00007fbef6e36560 is an unknown value
RCX=0x0000000000000200 is an unknown value
RDX=0x000000076d382ed0 is an unallocated location in the heap
RSP=0x00007fff5c649588 is pointing into the stack for thread: 0x00007fbeed024800
RBP=0x00007fff5c6495a0 is pointing into the stack for thread: 0x00007fbeed024800
RSI=0x00007fbef6e36560 is an unknown value
RDI=0x0000000000000004 is an unknown value
R8 =0x00000000000001f0 is an unknown value
R9 =0x00000000000001f0 is an unknown value
R10=0x000000076d3830d0 is an unallocated location in the heap
R11=0x00007fbef6e36760 is an unknown value
R12=0x00007fbef490c560 is an unknown value
R13=0x00007fbef490bd80 is an unknown value
R14=0x000000076d382ed0 is an unallocated location in the heap
R15=0x000000076d382ed0 is an unallocated location in the heap


Stack: [0x00007fff5be55000,0x00007fff5c655000],  sp=0x00007fff5c649588,  free space=8145k
Native frames: (J=compiled Java code, j=interpreted, Vv=VM code, C=native code)
C  [CoreGraphics+0x36a97]  decode_swap+0xa3
C  [CoreGraphics+0x329e4]  decode_data+0xa91
C  [CoreGraphics+0x1e6cf2]  img_decode_read+0x135
C  [CoreGraphics+0x1eb5a2]  img_interpolate_read+0x17f
C  [CoreGraphics+0x1ebb8e]  img_colormatch_read+0x16a
C  [CoreGraphics+0x1ec014]  img_alphamerge_read+0x20a
C  [CoreGraphics+0x1f0484]  img_data_lock+0x24b2
C  [CoreGraphics+0x1edf97]  CGSImageDataLock+0xd2
C  [CoreGraphics+0x7591a]  ripc_AcquireImage+0x3df
C  [CoreGraphics+0x84dee]  ripc_DrawImage+0x46f
C  [CoreGraphics+0x10044f]  CGContextDelegateDrawImage+0x46
C  [AppKit+0x1f5ca0]  __backing_store_DrawImage_block_invoke+0x46
C  [AppKit+0x1f15df]  backing_store_delegate+0x3d8
C  [AppKit+0x1f5c18]  backing_store_DrawImage+0x1f7
C  [CoreGraphics+0x10044f]  CGContextDelegateDrawImage+0x46
C  [CoreGraphics+0x1f6c2a]  CGContextDrawImageWithOptions+0x275
C  [CoreGraphics+0x1f6f9e]  CGContextDrawImage+0x49
C  [AppKit+0x1abc1d]  __74-[NSImageRep drawInRect:fromRect:operation:fraction:respectFlipped:hints:]_block_invoke+0x2e6
C  [AppKit+0x1ab741]  -[NSImageRep drawInRect:fromRect:operation:fraction:respectFlipped:hints:]+0x432
C  [AppKit+0x630313]  __71-[NSImage drawInRect:fromRect:operation:fraction:respectFlipped:hints:]_block_invoke.1346+0x464
C  [AppKit+0x175ec3]  -[NSImage _usingBestRepresentationForRect:context:hints:body:]+0xa4
C  [AppKit+0x1b3068]  -[NSImage drawInRect:fromRect:operation:fraction:respectFlipped:hints:]+0x7ec
C  [AppKit+0x1a9d4c]  -[NSImage _drawMappingAlignmentRectToRect:withState:backgroundStyle:operation:fraction:flip:hints:]+0x626
C  [AppKit+0x27f9f1]  -[NSThemeDocumentButtonCell drawWithFrame:inView:]+0x25d
C  [AppKit+0x1a799d]  -[NSControl drawRect:]+0x15c
C  [AppKit+0x19f870]  -[NSView _drawRect:clip:]+0x8e4
C  [AppKit+0x1ef786]  -[NSView _recursiveDisplayAllDirtyWithLockFocus:visRect:]+0x6d9
C  [AppKit+0x1efbf1]  -[NSView _recursiveDisplayAllDirtyWithLockFocus:visRect:]+0xb44
C  [AppKit+0x19d3a9]  -[NSView _recursiveDisplayRectIfNeededIgnoringOpacity:isVisibleRect:rectIsVisibleRectForView:topView:]+0x345
C  [AppKit+0x19cb87]  -[NSThemeFrame _recursiveDisplayRectIfNeededIgnoringOpacity:isVisibleRect:rectIsVisibleRectForView:topView:]+0x14e
C  [AppKit+0x19afaf]  -[NSView _displayRectIgnoringOpacity:isVisibleRect:rectIsVisibleRectForView:]+0x994
C  [AppKit+0x196898]  -[NSView displayIfNeeded]+0x6d4
C  [AppKit+0x11ca50]  -[NSThemeFrame handleSetFrameCommonRedisplay]+0x10e
C  [AppKit+0x114148]  -[NSWindow _setFrameCommon:display:stashSize:]+0xe33
C  [AppKit+0x113307]  -[NSWindow _setFrame:display:allowImplicitAnimation:stashSize:]+0xde
C  [AppKit+0x113222]  -[NSWindow setFrame:display:]+0x43
C  [AppKit+0x8f22df]  -[NSWindow(NSWindowAccessibility) accessibilitySetSizeAttribute:]+0x2ed
C  [AppKit+0x666629]  NSAccessibilityPerformEntryPoint+0x13
C  [AppKit+0x662dfb]  NSAccessibilityEntryPointSetValueForAttribute+0xce
C  [AppKit+0x458451]  SetAttributeValue+0x170
C  [HIServices+0x23d43]  _AXXMIGSetAttributeValue+0x28f
C  [HIServices+0x2d4e9]  _XSetAttributeValue+0x24d
C  [HIServices+0x6453]  mshMIGPerform+0xdb
C  [CoreFoundation+0x8d309]  __CFRUNLOOP_IS_CALLING_OUT_TO_A_SOURCE1_PERFORM_FUNCTION__+0x29
C  [CoreFoundation+0x8d281]  __CFRunLoopDoSource1+0x1d1
C  [CoreFoundation+0x85375]  __CFRunLoopRun+0x965
C  [CoreFoundation+0x847b4]  CFRunLoopRunSpecific+0x1a4
C  [HIToolbox+0x312ac]  RunCurrentEventLoopInMode+0xf0
C  [HIToolbox+0x310e1]  ReceiveNextEventCommon+0x1b0
C  [HIToolbox+0x30f16]  _BlockUntilNextEventMatchingListInModeWithFilter+0x47
C  [AppKit+0x476cd]  _DPSNextEvent+0x445
C  [AppKit+0x7be830]  -[NSApplication(NSEvent) _nextEventMatchingEventMask:untilDate:inMode:dequeue:]+0xaaa
C  [libosxapp.dylib+0x23aa]  -[NSApplicationAWT nextEventMatchingMask:untilDate:inMode:dequeue:]+0x7c
C  [AppKit+0x3c06d]  -[NSApplication run]+0x39e
C  [libosxapp.dylib+0x214d]  +[NSApplicationAWT runAWTLoopWithApp:]+0x9c
C  [libawt_lwawt.dylib+0x44517]  -[AWTStarter starter:]+0x389
C  [Foundation+0x71f2a]  __NSThreadPerformPerform+0x146
C  [CoreFoundation+0xa44c1]  __CFRUNLOOP_IS_CALLING_OUT_TO_A_SOURCE0_PERFORM_FUNCTION__+0x11
C  [CoreFoundation+0x858cc]  __CFRunLoopDoSources0+0x22c
C  [CoreFoundation+0x84db6]  __CFRunLoopRun+0x3a6
C  [CoreFoundation+0x847b4]  CFRunLoopRunSpecific+0x1a4
C  [java+0x6463]  CreateExecutionEnvironment+0x367
C  [java+0x21ac]  JLI_Launch+0x7a0
C  [java+0x84c0]  main+0x65
C  [java+0x1a04]  start+0x34
C  0x0000000000000009


---------------  P R O C E S S  ---------------

Java Threads: ( => current thread )
  0x00007fbef2a15800 JavaThread "Java Sound Event Dispatcher" daemon [_thread_blocked, id=96287, stack(0x000070000357f000,0x000070000367f000)]
  0x00007fbef2a1c000 JavaThread "Audio Player" daemon [_thread_blocked, id=4239, stack(0x0000700002c5b000,0x0000700002d5b000)]
  0x00007fbeed076800 JavaThread "Prism Font Disposer" daemon [_thread_blocked, id=77891, stack(0x00007000033f9000,0x00007000034f9000)]
  0x00007fbeed060800 JavaThread "Thread-3" daemon [_thread_in_native, id=67331, stack(0x0000700003376000,0x00007000033f6000)]
  0x00007fbeeb193000 JavaThread "Thread-2" daemon [_thread_blocked, id=64515, stack(0x0000700003273000,0x0000700003373000)]
  0x00007fbeed05f800 JavaThread "QuantumRenderer-0" daemon [_thread_blocked, id=63515, stack(0x0000700003170000,0x0000700003270000)]
  0x00007fbeed05f000 JavaThread "JavaFX-Launcher" [_thread_blocked, id=62987, stack(0x000070000306d000,0x000070000316d000)]
  0x00007fbeed922800 JavaThread "Java2D Disposer" daemon [_thread_blocked, id=59919, stack(0x0000700002f6a000,0x000070000306a000)]
  0x00007fbeea8a3800 JavaThread "Java2D Queue Flusher" daemon [_thread_blocked, id=59411, stack(0x0000700002e67000,0x0000700002f67000)]
  0x00007fbeea842000 JavaThread "AWT-Shutdown" [_thread_blocked, id=32543, stack(0x0000700002b58000,0x0000700002c58000)]
=>0x00007fbeed024800 JavaThread "JavaFX Application Thread" daemon [_thread_in_native, id=775, stack(0x00007fff5be55000,0x00007fff5c655000)]
  0x00007fbeed870000 JavaThread "Monitor Ctrl-Break" daemon [_thread_in_native, id=22019, stack(0x00007000029d2000,0x0000700002ad2000)]
  0x00007fbeea83d800 JavaThread "Service Thread" daemon [_thread_blocked, id=20995, stack(0x00007000027cc000,0x00007000028cc000)]
  0x00007fbeed821800 JavaThread "C1 CompilerThread3" daemon [_thread_blocked, id=20483, stack(0x00007000026c9000,0x00007000027c9000)]
  0x00007fbeed821000 JavaThread "C2 CompilerThread2" daemon [_thread_blocked, id=19971, stack(0x00007000025c6000,0x00007000026c6000)]
  0x00007fbeed820000 JavaThread "C2 CompilerThread1" daemon [_thread_blocked, id=19459, stack(0x00007000024c3000,0x00007000025c3000)]
  0x00007fbeed811800 JavaThread "C2 CompilerThread0" daemon [_thread_blocked, id=18947, stack(0x00007000023c0000,0x00007000024c0000)]
  0x00007fbeeb037800 JavaThread "Signal Dispatcher" daemon [_thread_blocked, id=18435, stack(0x00007000022bd000,0x00007000023bd000)]
  0x00007fbeea808800 JavaThread "Finalizer" daemon [_thread_blocked, id=14595, stack(0x00007000021ba000,0x00007000022ba000)]
  0x00007fbeed80f800 JavaThread "Reference Handler" daemon [_thread_blocked, id=14083, stack(0x00007000020b7000,0x00007000021b7000)]
  0x00007fbeec001800 JavaThread "main" [_thread_blocked, id=7171, stack(0x0000700001699000,0x0000700001799000)]

Other Threads:
  0x00007fbeed80d000 VMThread [stack: 0x0000700001fb4000,0x00007000020b4000] [id=13571]
  0x00007fbeee010000 WatcherThread [stack: 0x00007000028cf000,0x00007000029cf000] [id=21507]

VM state:not at safepoint (normal execution)

VM Mutex/Monitor currently owned by a thread: None

Heap:
 PSYoungGen      total 32768K, used 27872K [0x000000076ab00000, 0x000000076ce00000, 0x00000007c0000000)
  eden space 29696K, 89% used [0x000000076ab00000,0x000000076c507260,0x000000076c800000)
  from space 3072K, 39% used [0x000000076c800000,0x000000076c931010,0x000000076cb00000)
  to   space 3072K, 0% used [0x000000076cb00000,0x000000076cb00000,0x000000076ce00000)
 ParOldGen       total 148992K, used 120846K [0x00000006c0000000, 0x00000006c9180000, 0x000000076ab00000)
  object space 148992K, 81% used [0x00000006c0000000,0x00000006c7603ad0,0x00000006c9180000)
 Metaspace       used 27414K, capacity 29770K, committed 29952K, reserved 1075200K
  class space    used 3698K, capacity 4095K, committed 4096K, reserved 1048576K

Card table byte_map: [0x0000000105b49000,0x000000010634a000] byte_map_base: 0x0000000102549000

Marking Bits: (ParMarkBitMap*) 0x00000001050dee20
 Begin Bits: [0x000000011b5c0000, 0x000000011f5c0000)
 End Bits:   [0x000000011f5c0000, 0x00000001235c0000)

Polling page: 0x000000010366b000

CodeCache: size=245760Kb used=24729Kb max_used=24838Kb free=221030Kb
 bounds [0x000000010c5c0000, 0x000000010de80000, 0x000000011b5c0000]
 total_blobs=7690 nmethods=6899 adapters=702
 compilation: enabled

Compilation events (10 events):
Event: 2100.257 Thread 0x00007fbeed821800 nmethod 10047 0x000000010d95d0d0 code [0x000000010d95d680, 0x000000010d961cd8]
Event: 2100.257 Thread 0x00007fbeed821800 10048       3       com.sun.javafx.scene.control.skin.LabeledSkinBase::computeMinHeight (13 bytes)
Event: 2100.257 Thread 0x00007fbeed821800 nmethod 10048 0x000000010dd65410 code [0x000000010dd65580, 0x000000010dd65708]
Event: 2100.257 Thread 0x00007fbeed821000 nmethod 10049 0x000000010cd784d0 code [0x000000010cd78620, 0x000000010cd78738]
Event: 2100.257 Thread 0x00007fbeed821800 10050       3       com.sun.javafx.scene.control.skin.TableViewSkinBase::updateContentWidth (89 bytes)
Event: 2100.258 Thread 0x00007fbeed821800 nmethod 10050 0x000000010dcb74d0 code [0x000000010dcb77e0, 0x000000010dcb9588]
Event: 2100.259 Thread 0x00007fbeed811800 10051       4       com.sun.javafx.scene.control.skin.LabeledSkinBase::bottomLabelPadding (18 bytes)
Event: 2100.262 Thread 0x00007fbeed811800 nmethod 10051 0x000000010cd79750 code [0x000000010cd79900, 0x000000010cd79b58]
Event: 2100.324 Thread 0x00007fbeed821800 10052       1       com.sun.prism.es2.ES2SwapChain::getFboID (5 bytes)
Event: 2100.324 Thread 0x00007fbeed821800 nmethod 10052 0x000000010cd78210 code [0x000000010cd78360, 0x000000010cd78470]

GC Heap History (10 events):
Event: 2093.771 GC heap before
{Heap before GC invocations=650 (full 1):
 PSYoungGen      total 33280K, used 31540K [0x000000076ab00000, 0x000000076cf00000, 0x00000007c0000000)
  eden space 29696K, 100% used [0x000000076ab00000,0x000000076c800000,0x000000076c800000)
  from space 3584K, 51% used [0x000000076cb80000,0x000000076cd4d020,0x000000076cf00000)
  to   space 3584K, 0% used [0x000000076c800000,0x000000076c800000,0x000000076cb80000)
 ParOldGen       total 148992K, used 116347K [0x00000006c0000000, 0x00000006c9180000, 0x000000076ab00000)
  object space 148992K, 78% used [0x00000006c0000000,0x00000006c719ee30,0x00000006c9180000)
 Metaspace       used 27412K, capacity 29770K, committed 29952K, reserved 1075200K
  class space    used 3698K, capacity 4095K, committed 4096K, reserved 1048576K
Event: 2093.774 GC heap after
Heap after GC invocations=650 (full 1):
 PSYoungGen      total 33280K, used 1764K [0x000000076ab00000, 0x000000076cf00000, 0x00000007c0000000)
  eden space 29696K, 0% used [0x000000076ab00000,0x000000076ab00000,0x000000076c800000)
  from space 3584K, 49% used [0x000000076c800000,0x000000076c9b9010,0x000000076cb80000)
  to   space 3584K, 0% used [0x000000076cb80000,0x000000076cb80000,0x000000076cf00000)
 ParOldGen       total 148992K, used 116371K [0x00000006c0000000, 0x00000006c9180000, 0x000000076ab00000)
  object space 148992K, 78% used [0x00000006c0000000,0x00000006c71a4e30,0x00000006c9180000)
 Metaspace       used 27412K, capacity 29770K, committed 29952K, reserved 1075200K
  class space    used 3698K, capacity 4095K, committed 4096K, reserved 1048576K
}
Event: 2095.125 GC heap before
{Heap before GC invocations=651 (full 1):
 PSYoungGen      total 33280K, used 31460K [0x000000076ab00000, 0x000000076cf00000, 0x00000007c0000000)
  eden space 29696K, 100% used [0x000000076ab00000,0x000000076c800000,0x000000076c800000)
  from space 3584K, 49% used [0x000000076c800000,0x000000076c9b9010,0x000000076cb80000)
  to   space 3584K, 0% used [0x000000076cb80000,0x000000076cb80000,0x000000076cf00000)
 ParOldGen       total 148992K, used 116371K [0x00000006c0000000, 0x00000006c9180000, 0x000000076ab00000)
  object space 148992K, 78% used [0x00000006c0000000,0x00000006c71a4e30,0x00000006c9180000)
 Metaspace       used 27412K, capacity 29770K, committed 29952K, reserved 1075200K
  class space    used 3698K, capacity 4095K, committed 4096K, reserved 1048576K
Event: 2095.128 GC heap after
Heap after GC invocations=651 (full 1):
 PSYoungGen      total 33280K, used 1732K [0x000000076ab00000, 0x000000076cf00000, 0x00000007c0000000)
  eden space 29696K, 0% used [0x000000076ab00000,0x000000076ab00000,0x000000076c800000)
  from space 3584K, 48% used [0x000000076cb80000,0x000000076cd31010,0x000000076cf00000)
  to   space 3584K, 0% used [0x000000076c800000,0x000000076c800000,0x000000076cb80000)
 ParOldGen       total 148992K, used 116387K [0x00000006c0000000, 0x00000006c9180000, 0x000000076ab00000)
  object space 148992K, 78% used [0x00000006c0000000,0x00000006c71a8e30,0x00000006c9180000)
 Metaspace       used 27412K, capacity 29770K, committed 29952K, reserved 1075200K
  class space    used 3698K, capacity 4095K, committed 4096K, reserved 1048576K
}
Event: 2096.471 GC heap before
{Heap before GC invocations=652 (full 1):
 PSYoungGen      total 33280K, used 31428K [0x000000076ab00000, 0x000000076cf00000, 0x00000007c0000000)
  eden space 29696K, 100% used [0x000000076ab00000,0x000000076c800000,0x000000076c800000)
  from space 3584K, 48% used [0x000000076cb80000,0x000000076cd31010,0x000000076cf00000)
  to   space 3584K, 0% used [0x000000076c800000,0x000000076c800000,0x000000076cb80000)
 ParOldGen       total 148992K, used 116387K [0x00000006c0000000, 0x00000006c9180000, 0x000000076ab00000)
  object space 148992K, 78% used [0x00000006c0000000,0x00000006c71a8e30,0x00000006c9180000)
 Metaspace       used 27412K, capacity 29770K, committed 29952K, reserved 1075200K
  class space    used 3698K, capacity 4095K, committed 4096K, reserved 1048576K
Event: 2096.474 GC heap after
Heap after GC invocations=652 (full 1):
 PSYoungGen      total 33280K, used 1828K [0x000000076ab00000, 0x000000076cf00000, 0x00000007c0000000)
  eden space 29696K, 0% used [0x000000076ab00000,0x000000076ab00000,0x000000076c800000)
  from space 3584K, 51% used [0x000000076c800000,0x000000076c9c9010,0x000000076cb80000)
  to   space 3584K, 0% used [0x000000076cb80000,0x000000076cb80000,0x000000076cf00000)
 ParOldGen       total 148992K, used 116419K [0x00000006c0000000, 0x00000006c9180000, 0x000000076ab00000)
  object space 148992K, 78% used [0x00000006c0000000,0x00000006c71b0e30,0x00000006c9180000)
 Metaspace       used 27412K, capacity 29770K, committed 29952K, reserved 1075200K
  class space    used 3698K, capacity 4095K, committed 4096K, reserved 1048576K
}
Event: 2097.786 GC heap before
{Heap before GC invocations=653 (full 1):
 PSYoungGen      total 33280K, used 31524K [0x000000076ab00000, 0x000000076cf00000, 0x00000007c0000000)
  eden space 29696K, 100% used [0x000000076ab00000,0x000000076c800000,0x000000076c800000)
  from space 3584K, 51% used [0x000000076c800000,0x000000076c9c9010,0x000000076cb80000)
  to   space 3584K, 0% used [0x000000076cb80000,0x000000076cb80000,0x000000076cf00000)
 ParOldGen       total 148992K, used 116419K [0x00000006c0000000, 0x00000006c9180000, 0x000000076ab00000)
  object space 148992K, 78% used [0x00000006c0000000,0x00000006c71b0e30,0x00000006c9180000)
 Metaspace       used 27412K, capacity 29770K, committed 29952K, reserved 1075200K
  class space    used 3698K, capacity 4095K, committed 4096K, reserved 1048576K
Event: 2097.788 GC heap after
Heap after GC invocations=653 (full 1):
 PSYoungGen      total 32256K, used 1604K [0x000000076ab00000, 0x000000076ce00000, 0x00000007c0000000)
  eden space 29696K, 0% used [0x000000076ab00000,0x000000076ab00000,0x000000076c800000)
  from space 2560K, 62% used [0x000000076cb80000,0x000000076cd11010,0x000000076ce00000)
  to   space 3072K, 0% used [0x000000076c800000,0x000000076c800000,0x000000076cb00000)
 ParOldGen       total 148992K, used 116612K [0x00000006c0000000, 0x00000006c9180000, 0x000000076ab00000)
  object space 148992K, 78% used [0x00000006c0000000,0x00000006c71e1260,0x00000006c9180000)
 Metaspace       used 27412K, capacity 29770K, committed 29952K, reserved 1075200K
  class space    used 3698K, capacity 4095K, committed 4096K, reserved 1048576K
}
Event: 2099.121 GC heap before
{Heap before GC invocations=654 (full 1):
 PSYoungGen      total 32256K, used 31300K [0x000000076ab00000, 0x000000076ce00000, 0x00000007c0000000)
  eden space 29696K, 100% used [0x000000076ab00000,0x000000076c800000,0x000000076c800000)
  from space 2560K, 62% used [0x000000076cb80000,0x000000076cd11010,0x000000076ce00000)
  to   space 3072K, 0% used [0x000000076c800000,0x000000076c800000,0x000000076cb00000)
 ParOldGen       total 148992K, used 116612K [0x00000006c0000000, 0x00000006c9180000, 0x000000076ab00000)
  object space 148992K, 78% used [0x00000006c0000000,0x00000006c71e12a0,0x00000006c9180000)
 Metaspace       used 27412K, capacity 29770K, committed 29952K, reserved 1075200K
  class space    used 3698K, capacity 4095K, committed 4096K, reserved 1048576K
Event: 2099.123 GC heap after
Heap after GC invocations=654 (full 1):
 PSYoungGen      total 32768K, used 1220K [0x000000076ab00000, 0x000000076ce00000, 0x00000007c0000000)
  eden space 29696K, 0% used [0x000000076ab00000,0x000000076ab00000,0x000000076c800000)
  from space 3072K, 39% used [0x000000076c800000,0x000000076c931010,0x000000076cb00000)
  to   space 3072K, 0% used [0x000000076cb00000,0x000000076cb00000,0x000000076ce00000)
 ParOldGen       total 148992K, used 116946K [0x00000006c0000000, 0x00000006c9180000, 0x000000076ab00000)
  object space 148992K, 78% used [0x00000006c0000000,0x00000006c7234ac0,0x00000006c9180000)
 Metaspace       used 27412K, capacity 29770K, committed 29952K, reserved 1075200K
  class space    used 3698K, capacity 4095K, committed 4096K, reserved 1048576K
}

Deoptimization events (10 events):
Event: 2030.669 Thread 0x00007fbeed05f800 Uncommon trap: reason=class_check action=maybe_recompile pc=0x000000010d41788c method=com.sun.javafx.sg.prism.NGNode.markCullRegions(Lcom/sun/javafx/geom/DirtyRegionContainer;ILcom/sun/javafx/geom/transform/BaseTransform;Lcom/sun/javafx/geom/transform/Gen
Event: 2066.400 Thread 0x00007fbeed024800 Uncommon trap: reason=unstable_if action=reinterpret pc=0x000000010cd3d4b0 method=javafx.scene.Node.focusSetDirty(Ljavafx/scene/Scene;)V @ 9
Event: 2066.435 Thread 0x00007fbeed024800 Uncommon trap: reason=unstable_if action=reinterpret pc=0x000000010c8a2e14 method=javafx.scene.Scene$ScenePulseListener.focusCleanup()V @ 65
Event: 2078.525 Thread 0x00007fbeed024800 Uncommon trap: reason=unstable_if action=reinterpret pc=0x000000010d087de4 method=javafx.scene.control.TableCell.layoutChildren()V @ 4
Event: 2080.102 Thread 0x00007fbeed024800 Uncommon trap: reason=unstable_if action=reinterpret pc=0x000000010dcf6224 method=javafx.scene.CssStyleHelper.transitionToState(Ljavafx/scene/Node;)V @ 684
Event: 2089.176 Thread 0x00007fbeed024800 Uncommon trap: reason=class_check action=maybe_recompile pc=0x000000010cfb29fc method=com.sun.javafx.collections.ObservableMapWrapper.get(Ljava/lang/Object;)Ljava/lang/Object; @ 5
Event: 2089.177 Thread 0x00007fbeed024800 Uncommon trap: reason=class_check action=maybe_recompile pc=0x000000010d07090c method=com.sun.javafx.collections.ObservableMapWrapper.remove(Ljava/lang/Object;)Ljava/lang/Object; @ 5
Event: 2089.178 Thread 0x00007fbeed024800 Uncommon trap: reason=unstable_if action=reinterpret pc=0x000000010da5881c method=com.sun.javafx.scene.control.skin.LabeledSkinBase.computeMinLabeledPartHeight(DDDDD)D @ 49
Event: 2089.178 Thread 0x00007fbeed024800 Uncommon trap: reason=unstable_if action=reinterpret pc=0x000000010db0195c method=com.sun.javafx.scene.control.skin.LabeledSkinBase.computeMinLabeledPartHeight(DDDDD)D @ 49
Event: 2089.178 Thread 0x00007fbeed024800 Uncommon trap: reason=unstable_if action=reinterpret pc=0x000000010dd701e8 method=com.sun.javafx.scene.control.skin.LabeledSkinBase.updateDisplayedText(DD)V @ 473

Internal exceptions (10 events):
Event: 1447.832 Thread 0x00007fbeed024800 Implicit null exception at 0x000000010ca46e6c to 0x000000010ca470c1
Event: 1447.864 Thread 0x00007fbeed024800 Implicit null exception at 0x000000010cd0338c to 0x000000010cd0375d
Event: 1447.868 Thread 0x00007fbeed05f800 Implicit null exception at 0x000000010cebd50c to 0x000000010cebd759
Event: 1868.395 Thread 0x00007fbeed024800 Implicit null exception at 0x000000010d9fced6 to 0x000000010da03ba9
Event: 1868.395 Thread 0x00007fbeed024800 Implicit null exception at 0x000000010db3c4f1 to 0x000000010db3f839
Event: 1868.395 Thread 0x00007fbeed024800 Implicit null exception at 0x000000010ccac35a to 0x000000010ccacc19
Event: 1868.397 Thread 0x00007fbeed024800 Implicit null exception at 0x000000010cff15f8 to 0x000000010cff3cf1
Event: 1868.437 Thread 0x00007fbeed05f800 Implicit null exception at 0x000000010d467d10 to 0x000000010d467d41
Event: 1921.263 Thread 0x00007fbeed05f800 Implicit null exception at 0x000000010d99a760 to 0x000000010d99b0f5
Event: 2002.139 Thread 0x00007fbeed024800 Implicit null exception at 0x000000010d2fd5f7 to 0x000000010d2fdd2d

Events (10 events):
Event: 2096.470 Executing VM operation: ParallelGCFailedAllocation
Event: 2096.474 Executing VM operation: ParallelGCFailedAllocation done
Event: 2097.786 Executing VM operation: ParallelGCFailedAllocation
Event: 2097.788 Executing VM operation: ParallelGCFailedAllocation done
Event: 2099.121 Executing VM operation: ParallelGCFailedAllocation
Event: 2099.121 Executing VM operation: ParallelGCFailedAllocation done
Event: 2099.121 Executing VM operation: ParallelGCSystemGC
Event: 2099.123 Executing VM operation: ParallelGCSystemGC done
Event: 2099.155 Thread 0x00007fbeed820000 flushing nmethod 0x000000010d728c50
Event: 2099.156 Thread 0x00007fbeed820000 flushing nmethod 0x000000010da77350


Dynamic libraries:
0x000000000878a000 	/System/Library/Frameworks/Cocoa.framework/Versions/A/Cocoa
0x000000000878a000 	/System/Library/Frameworks/Security.framework/Versions/A/Security
0x000000000878a000 	/System/Library/Frameworks/ApplicationServices.framework/Versions/A/ApplicationServices
0x000000000878a000 	/usr/lib/libz.1.dylib
0x000000000878a000 	/usr/lib/libSystem.B.dylib
0x000000000878a000 	/usr/lib/libobjc.A.dylib
0x000000000878a000 	/System/Library/Frameworks/CoreFoundation.framework/Versions/A/CoreFoundation
0x000000000878a000 	/System/Library/Frameworks/Foundation.framework/Versions/C/Foundation
0x000000000878a000 	/System/Library/Frameworks/AppKit.framework/Versions/C/AppKit
0x000000000878a000 	/System/Library/Frameworks/CoreData.framework/Versions/A/CoreData
0x000000000878a000 	/System/Library/PrivateFrameworks/RemoteViewServices.framework/Versions/A/RemoteViewServices
0x000000000878a000 	/System/Library/PrivateFrameworks/UIFoundation.framework/Versions/A/UIFoundation
0x000000000878a000 	/System/Library/PrivateFrameworks/DFRFoundation.framework/Versions/A/DFRFoundation
0x000000000878a000 	/usr/lib/libenergytrace.dylib
0x000000000878a000 	/System/Library/PrivateFrameworks/SkyLight.framework/Versions/A/SkyLight
0x000000000878a000 	/System/Library/Frameworks/CoreGraphics.framework/Versions/A/CoreGraphics
0x000000000878a000 	/usr/lib/libScreenReader.dylib
0x000000000878a000 	/System/Library/Frameworks/Accelerate.framework/Versions/A/Accelerate
0x000000000878a000 	/System/Library/Frameworks/IOSurface.framework/Versions/A/IOSurface
0x000000000878a000 	/System/Library/Frameworks/AudioToolbox.framework/Versions/A/AudioToolbox
0x000000000878a000 	/System/Library/Frameworks/AudioUnit.framework/Versions/A/AudioUnit
0x000000000878a000 	/System/Library/PrivateFrameworks/DataDetectorsCore.framework/Versions/A/DataDetectorsCore
0x000000000878a000 	/System/Library/PrivateFrameworks/DesktopServicesPriv.framework/Versions/A/DesktopServicesPriv
0x000000000878a000 	/System/Library/Frameworks/Carbon.framework/Versions/A/Frameworks/HIToolbox.framework/Versions/A/HIToolbox
0x000000000878a000 	/usr/lib/libicucore.A.dylib
0x000000000878a000 	/System/Library/Frameworks/QuartzCore.framework/Versions/A/QuartzCore
0x000000000878a000 	/System/Library/Frameworks/Carbon.framework/Versions/A/Frameworks/SpeechRecognition.framework/Versions/A/SpeechRecognition
0x000000000878a000 	/usr/lib/libauto.dylib
0x000000000878a000 	/usr/lib/libxml2.2.dylib
0x000000000878a000 	/System/Library/PrivateFrameworks/CoreUI.framework/Versions/A/CoreUI
0x000000000878a000 	/System/Library/Frameworks/CoreAudio.framework/Versions/A/CoreAudio
0x000000000878a000 	/System/Library/Frameworks/DiskArbitration.framework/Versions/A/DiskArbitration
0x000000000878a000 	/usr/lib/liblangid.dylib
0x000000000878a000 	/System/Library/PrivateFrameworks/MultitouchSupport.framework/Versions/A/MultitouchSupport
0x000000000878a000 	/System/Library/Frameworks/IOKit.framework/Versions/A/IOKit
0x000000000878a000 	/usr/lib/libDiagnosticMessagesClient.dylib
0x000000000878a000 	/System/Library/Frameworks/CoreServices.framework/Versions/A/CoreServices
0x000000000878a000 	/System/Library/PrivateFrameworks/PerformanceAnalysis.framework/Versions/A/PerformanceAnalysis
0x000000000878a000 	/System/Library/PrivateFrameworks/GenerationalStorage.framework/Versions/A/GenerationalStorage
0x000000000878a000 	/System/Library/Frameworks/OpenGL.framework/Versions/A/OpenGL
0x000000000878a000 	/System/Library/Frameworks/CoreImage.framework/Versions/A/CoreImage
0x000000000878a000 	/System/Library/Frameworks/CoreText.framework/Versions/A/CoreText
0x000000000878a000 	/System/Library/Frameworks/ImageIO.framework/Versions/A/ImageIO
0x000000000878a000 	/System/Library/PrivateFrameworks/Backup.framework/Versions/A/Backup
0x000000000878a000 	/usr/lib/libarchive.2.dylib
0x000000000878a000 	/System/Library/Frameworks/CFNetwork.framework/Versions/A/CFNetwork
0x000000000878a000 	/System/Library/Frameworks/SystemConfiguration.framework/Versions/A/SystemConfiguration
0x000000000878a000 	/usr/lib/libCRFSuite.dylib
0x000000000878a000 	/usr/lib/libc++.1.dylib
0x000000000878a000 	/usr/lib/libc++abi.dylib
0x000000000878a000 	/usr/lib/system/libcache.dylib
0x000000000878a000 	/usr/lib/system/libcommonCrypto.dylib
0x000000000878a000 	/usr/lib/system/libcompiler_rt.dylib
0x000000000878a000 	/usr/lib/system/libcopyfile.dylib
0x000000000878a000 	/usr/lib/system/libcorecrypto.dylib
0x000000000878a000 	/usr/lib/system/libdispatch.dylib
0x000000000878a000 	/usr/lib/system/libdyld.dylib
0x000000000878a000 	/usr/lib/system/libkeymgr.dylib
0x000000000878a000 	/usr/lib/system/liblaunch.dylib
0x000000000878a000 	/usr/lib/system/libmacho.dylib
0x000000000878a000 	/usr/lib/system/libquarantine.dylib
0x000000000878a000 	/usr/lib/system/libremovefile.dylib
0x000000000878a000 	/usr/lib/system/libsystem_asl.dylib
0x000000000878a000 	/usr/lib/system/libsystem_blocks.dylib
0x000000000878a000 	/usr/lib/system/libsystem_c.dylib
0x000000000878a000 	/usr/lib/system/libsystem_configuration.dylib
0x000000000878a000 	/usr/lib/system/libsystem_coreservices.dylib
0x000000000878a000 	/usr/lib/system/libsystem_coretls.dylib
0x000000000878a000 	/usr/lib/system/libsystem_dnssd.dylib
0x000000000878a000 	/usr/lib/system/libsystem_info.dylib
0x000000000878a000 	/usr/lib/system/libsystem_kernel.dylib
0x000000000878a000 	/usr/lib/system/libsystem_m.dylib
0x000000000878a000 	/usr/lib/system/libsystem_malloc.dylib
0x000000000878a000 	/usr/lib/system/libsystem_network.dylib
0x000000000878a000 	/usr/lib/system/libsystem_networkextension.dylib
0x000000000878a000 	/usr/lib/system/libsystem_notify.dylib
0x000000000878a000 	/usr/lib/system/libsystem_platform.dylib
0x000000000878a000 	/usr/lib/system/libsystem_pthread.dylib
0x000000000878a000 	/usr/lib/system/libsystem_sandbox.dylib
0x000000000878a000 	/usr/lib/system/libsystem_secinit.dylib
0x000000000878a000 	/usr/lib/system/libsystem_symptoms.dylib
0x000000000878a000 	/usr/lib/system/libsystem_trace.dylib
0x000000000878a000 	/usr/lib/system/libunwind.dylib
0x000000000878a000 	/usr/lib/system/libxpc.dylib
0x000000000878a000 	/usr/lib/libbsm.0.dylib
0x000000000878a000 	/usr/lib/system/libkxld.dylib
0x000000000878a000 	/usr/lib/libcoretls.dylib
0x000000000878a000 	/usr/lib/libcoretls_cfhelpers.dylib
0x000000000878a000 	/usr/lib/libxar.1.dylib
0x000000000878a000 	/usr/lib/libsqlite3.dylib
0x000000000878a000 	/usr/lib/libpam.2.dylib
0x000000000878a000 	/usr/lib/libOpenScriptingUtil.dylib
0x000000000878a000 	/usr/lib/libbz2.1.0.dylib
0x000000000878a000 	/usr/lib/liblzma.5.dylib
0x000000000878a000 	/usr/lib/libnetwork.dylib
0x000000000878a000 	/usr/lib/libpcap.A.dylib
0x000000000878a000 	/System/Library/Frameworks/CoreServices.framework/Versions/A/Frameworks/FSEvents.framework/Versions/A/FSEvents
0x000000000878a000 	/System/Library/Frameworks/CoreServices.framework/Versions/A/Frameworks/CarbonCore.framework/Versions/A/CarbonCore
0x000000000878a000 	/System/Library/Frameworks/CoreServices.framework/Versions/A/Frameworks/Metadata.framework/Versions/A/Metadata
0x000000000878a000 	/System/Library/Frameworks/CoreServices.framework/Versions/A/Frameworks/OSServices.framework/Versions/A/OSServices
0x000000000878a000 	/System/Library/Frameworks/CoreServices.framework/Versions/A/Frameworks/SearchKit.framework/Versions/A/SearchKit
0x000000000878a000 	/System/Library/Frameworks/CoreServices.framework/Versions/A/Frameworks/AE.framework/Versions/A/AE
0x000000000878a000 	/System/Library/Frameworks/CoreServices.framework/Versions/A/Frameworks/LaunchServices.framework/Versions/A/LaunchServices
0x000000000878a000 	/System/Library/Frameworks/CoreServices.framework/Versions/A/Frameworks/DictionaryServices.framework/Versions/A/DictionaryServices
0x000000000878a000 	/System/Library/Frameworks/CoreServices.framework/Versions/A/Frameworks/SharedFileList.framework/Versions/A/SharedFileList
0x000000000878a000 	/System/Library/Frameworks/NetFS.framework/Versions/A/NetFS
0x000000000878a000 	/System/Library/PrivateFrameworks/NetAuth.framework/Versions/A/NetAuth
0x000000000878a000 	/System/Library/PrivateFrameworks/login.framework/Versions/A/Frameworks/loginsupport.framework/Versions/A/loginsupport
0x000000000878a000 	/System/Library/PrivateFrameworks/TCC.framework/Versions/A/TCC
0x000000000878a000 	/usr/lib/libmecabra.dylib
0x000000000878a000 	/System/Library/Frameworks/ApplicationServices.framework/Versions/A/Frameworks/ATS.framework/Versions/A/ATS
0x000000000878a000 	/System/Library/Frameworks/ApplicationServices.framework/Versions/A/Frameworks/ColorSync.framework/Versions/A/ColorSync
0x000000000878a000 	/System/Library/Frameworks/ApplicationServices.framework/Versions/A/Frameworks/HIServices.framework/Versions/A/HIServices
0x000000000878a000 	/System/Library/Frameworks/ApplicationServices.framework/Versions/A/Frameworks/LangAnalysis.framework/Versions/A/LangAnalysis
0x000000000878a000 	/System/Library/Frameworks/ApplicationServices.framework/Versions/A/Frameworks/PrintCore.framework/Versions/A/PrintCore
0x000000000878a000 	/System/Library/Frameworks/ApplicationServices.framework/Versions/A/Frameworks/QD.framework/Versions/A/QD
0x000000000878a000 	/System/Library/Frameworks/ApplicationServices.framework/Versions/A/Frameworks/SpeechSynthesis.framework/Versions/A/SpeechSynthesis
0x000000000878a000 	/System/Library/Frameworks/Accelerate.framework/Versions/A/Frameworks/vImage.framework/Versions/A/vImage
0x000000000878a000 	/System/Library/Frameworks/Accelerate.framework/Versions/A/Frameworks/vecLib.framework/Versions/A/vecLib
0x000000000878a000 	/System/Library/Frameworks/Accelerate.framework/Versions/A/Frameworks/vecLib.framework/Versions/A/libvDSP.dylib
0x000000000878a000 	/System/Library/Frameworks/Accelerate.framework/Versions/A/Frameworks/vecLib.framework/Versions/A/libBNNS.dylib
0x000000000878a000 	/System/Library/Frameworks/Accelerate.framework/Versions/A/Frameworks/vecLib.framework/Versions/A/libQuadrature.dylib
0x000000000878a000 	/System/Library/Frameworks/Accelerate.framework/Versions/A/Frameworks/vecLib.framework/Versions/A/libvMisc.dylib
0x000000000878a000 	/System/Library/Frameworks/Accelerate.framework/Versions/A/Frameworks/vecLib.framework/Versions/A/libLAPACK.dylib
0x000000000878a000 	/System/Library/Frameworks/Accelerate.framework/Versions/A/Frameworks/vecLib.framework/Versions/A/libBLAS.dylib
0x000000000878a000 	/System/Library/Frameworks/Accelerate.framework/Versions/A/Frameworks/vecLib.framework/Versions/A/libLinearAlgebra.dylib
0x000000000878a000 	/System/Library/Frameworks/Accelerate.framework/Versions/A/Frameworks/vecLib.framework/Versions/A/libSparseBLAS.dylib
0x000000000878a000 	/System/Library/Frameworks/ApplicationServices.framework/Versions/A/Frameworks/ATS.framework/Versions/A/Resources/libFontParser.dylib
0x000000000878a000 	/System/Library/Frameworks/ApplicationServices.framework/Versions/A/Frameworks/ATS.framework/Versions/A/Resources/libFontRegistry.dylib
0x000000000878a000 	/System/Library/Frameworks/ImageIO.framework/Versions/A/Resources/libJPEG.dylib
0x000000000878a000 	/System/Library/Frameworks/ImageIO.framework/Versions/A/Resources/libTIFF.dylib
0x000000000878a000 	/System/Library/Frameworks/ImageIO.framework/Versions/A/Resources/libPng.dylib
0x000000000878a000 	/System/Library/Frameworks/ImageIO.framework/Versions/A/Resources/libGIF.dylib
0x000000000878a000 	/System/Library/Frameworks/ImageIO.framework/Versions/A/Resources/libJP2.dylib
0x000000000878a000 	/System/Library/Frameworks/ImageIO.framework/Versions/A/Resources/libRadiance.dylib
0x000000000878a000 	/usr/lib/libcompression.dylib
0x000000000878a000 	/System/Library/PrivateFrameworks/AppleJPEG.framework/Versions/A/AppleJPEG
0x000000000878a000 	/usr/lib/libcups.2.dylib
0x000000000878a000 	/System/Library/Frameworks/Kerberos.framework/Versions/A/Kerberos
0x000000000878a000 	/System/Library/Frameworks/GSS.framework/Versions/A/GSS
0x000000000878a000 	/usr/lib/libresolv.9.dylib
0x000000000878a000 	/usr/lib/libiconv.2.dylib
0x000000000878a000 	/System/Library/PrivateFrameworks/Heimdal.framework/Versions/A/Heimdal
0x000000000878a000 	/usr/lib/libheimdal-asn1.dylib
0x000000000878a000 	/System/Library/Frameworks/OpenDirectory.framework/Versions/A/OpenDirectory
0x000000000878a000 	/System/Library/PrivateFrameworks/CommonAuth.framework/Versions/A/CommonAuth
0x000000000878a000 	/System/Library/Frameworks/OpenDirectory.framework/Versions/A/Frameworks/CFOpenDirectory.framework/Versions/A/CFOpenDirectory
0x000000000878a000 	/System/Library/Frameworks/SecurityFoundation.framework/Versions/A/SecurityFoundation
0x000000000878a000 	/System/Library/PrivateFrameworks/LanguageModeling.framework/Versions/A/LanguageModeling
0x000000000878a000 	/usr/lib/libmarisa.dylib
0x000000000878a000 	/usr/lib/libChineseTokenizer.dylib
0x000000000878a000 	/usr/lib/libcmph.dylib
0x000000000878a000 	/System/Library/PrivateFrameworks/CoreEmoji.framework/Versions/A/CoreEmoji
0x000000000878a000 	/System/Library/Frameworks/ServiceManagement.framework/Versions/A/ServiceManagement
0x000000000878a000 	/usr/lib/libxslt.1.dylib
0x000000000878a000 	/System/Library/Frameworks/Carbon.framework/Versions/A/Frameworks/Ink.framework/Versions/A/Ink
0x000000000878a000 	/System/Library/PrivateFrameworks/TextureIO.framework/Versions/A/TextureIO
0x000000000878a000 	/System/Library/Frameworks/Metal.framework/Versions/A/Metal
0x000000000878a000 	/usr/lib/libate.dylib
0x000000000878a000 	/System/Library/PrivateFrameworks/GPUCompiler.framework/libmetal_timestamp.dylib
0x000000000878a000 	/System/Library/Frameworks/OpenGL.framework/Versions/A/Libraries/libCoreFSCache.dylib
0x000000000878a000 	/System/Library/PrivateFrameworks/IOAccelerator.framework/Versions/A/IOAccelerator
0x000000000878a000 	/System/Library/Frameworks/CoreVideo.framework/Versions/A/CoreVideo
0x000000000878a000 	/usr/lib/libFosl_dynamic.dylib
0x000000000878a000 	/System/Library/PrivateFrameworks/MetalPerformanceShaders.framework/Versions/A/MetalPerformanceShaders
0x000000000878a000 	/System/Library/PrivateFrameworks/FaceCore.framework/Versions/A/FaceCore
0x000000000878a000 	/System/Library/Frameworks/OpenCL.framework/Versions/A/OpenCL
0x000000000878a000 	/System/Library/Frameworks/OpenGL.framework/Versions/A/Libraries/libGLU.dylib
0x000000000878a000 	/System/Library/Frameworks/OpenGL.framework/Versions/A/Libraries/libGFXShared.dylib
0x000000000878a000 	/System/Library/Frameworks/OpenGL.framework/Versions/A/Libraries/libGL.dylib
0x000000000878a000 	/System/Library/Frameworks/OpenGL.framework/Versions/A/Libraries/libGLImage.dylib
0x000000000878a000 	/System/Library/Frameworks/OpenGL.framework/Versions/A/Libraries/libCVMSPluginSupport.dylib
0x000000000878a000 	/System/Library/Frameworks/OpenGL.framework/Versions/A/Libraries/libCoreVMClient.dylib
0x000000000878a000 	/System/Library/PrivateFrameworks/CrashReporterSupport.framework/Versions/A/CrashReporterSupport
0x000000000878a000 	/System/Library/PrivateFrameworks/Sharing.framework/Versions/A/Sharing
0x000000000878a000 	/System/Library/PrivateFrameworks/IconServices.framework/Versions/A/IconServices
0x000000000878a000 	/System/Library/PrivateFrameworks/ProtocolBuffer.framework/Versions/A/ProtocolBuffer
0x000000000878a000 	/System/Library/PrivateFrameworks/Apple80211.framework/Versions/A/Apple80211
0x000000000878a000 	/System/Library/Frameworks/CoreWLAN.framework/Versions/A/CoreWLAN
0x000000000878a000 	/System/Library/PrivateFrameworks/CoreUtils.framework/Versions/A/CoreUtils
0x000000000878a000 	/System/Library/Frameworks/IOBluetooth.framework/Versions/A/IOBluetooth
0x000000000878a000 	/System/Library/PrivateFrameworks/CoreWiFi.framework/Versions/A/CoreWiFi
0x000000000878a000 	/System/Library/Frameworks/CoreBluetooth.framework/Versions/A/CoreBluetooth
0x000000000878a000 	/System/Library/Frameworks/CoreDisplay.framework/Versions/A/CoreDisplay
0x000000000878a000 	/System/Library/PrivateFrameworks/IOPresentment.framework/Versions/A/IOPresentment
0x000000000878a000 	/System/Library/PrivateFrameworks/DebugSymbols.framework/Versions/A/DebugSymbols
0x000000000878a000 	/System/Library/PrivateFrameworks/CoreSymbolication.framework/Versions/A/CoreSymbolication
0x000000000878a000 	/System/Library/PrivateFrameworks/Symbolication.framework/Versions/A/Symbolication
0x000000000878a000 	/System/Library/PrivateFrameworks/AppleFSCompression.framework/Versions/A/AppleFSCompression
0x000000000878a000 	/System/Library/PrivateFrameworks/SpeechRecognitionCore.framework/Versions/A/SpeechRecognitionCore
0x000000000878a000 	/System/Library/PrivateFrameworks/ChunkingLibrary.framework/Versions/A/ChunkingLibrary
0x0000000104800000 	/Library/Java/JavaVirtualMachines/jdk1.8.0_65.jdk/Contents/Home/jre/lib/server/libjvm.dylib
0x000000000878a000 	/usr/lib/libstdc++.6.dylib
0x0000000103628000 	/Library/Java/JavaVirtualMachines/jdk1.8.0_65.jdk/Contents/Home/jre/lib/libverify.dylib
0x0000000103636000 	/Library/Java/JavaVirtualMachines/jdk1.8.0_65.jdk/Contents/Home/jre/lib/libjava.dylib
0x0000000103675000 	/Library/Java/JavaVirtualMachines/jdk1.8.0_65.jdk/Contents/Home/jre/lib/libzip.dylib
0x00000001096d5000 	/System/Library/Frameworks/JavaVM.framework/Frameworks/JavaRuntimeSupport.framework/JavaRuntimeSupport
0x00000001037e8000 	/System/Library/Frameworks/JavaVM.framework/Versions/A/Frameworks/JavaNativeFoundation.framework/Versions/A/JavaNativeFoundation
0x00000001096ef000 	/System/Library/Frameworks/JavaVM.framework/Versions/A/JavaVM
0x000000000878a000 	/System/Library/Frameworks/Carbon.framework/Versions/A/Carbon
0x00000001096fc000 	/System/Library/PrivateFrameworks/JavaLaunching.framework/Versions/A/JavaLaunching
0x000000000878a000 	/System/Library/Frameworks/Carbon.framework/Versions/A/Frameworks/CommonPanels.framework/Versions/A/CommonPanels
0x000000000878a000 	/System/Library/Frameworks/Carbon.framework/Versions/A/Frameworks/Help.framework/Versions/A/Help
0x000000000878a000 	/System/Library/Frameworks/Carbon.framework/Versions/A/Frameworks/ImageCapture.framework/Versions/A/ImageCapture
0x000000000878a000 	/System/Library/Frameworks/Carbon.framework/Versions/A/Frameworks/OpenScripting.framework/Versions/A/OpenScripting
0x000000000878a000 	/System/Library/Frameworks/Carbon.framework/Versions/A/Frameworks/Print.framework/Versions/A/Print
0x000000000878a000 	/System/Library/Frameworks/Carbon.framework/Versions/A/Frameworks/SecurityHI.framework/Versions/A/SecurityHI
0x000000010b1c7000 	/Applications/IntelliJ IDEA.app/Contents/bin/libbreakgen64.jnilib
0x000000010b260000 	/Library/Java/JavaVirtualMachines/jdk1.8.0_65.jdk/Contents/Home/jre/lib/libnet.dylib
0x000000010b2bf000 	/Library/Java/JavaVirtualMachines/jdk1.8.0_65.jdk/Contents/Home/jre/lib/libawt.dylib
0x000000010b367000 	/Library/Java/JavaVirtualMachines/jdk1.8.0_65.jdk/Contents/Home/jre/lib/./libmlib_image.dylib
0x000000010b433000 	/Library/Java/JavaVirtualMachines/jdk1.8.0_65.jdk/Contents/Home/jre/lib/libawt_lwawt.dylib
0x000000010b4e8000 	/Library/Java/JavaVirtualMachines/jdk1.8.0_65.jdk/Contents/Home/jre/lib/./libosxapp.dylib
0x000000000878a000 	/System/Library/Frameworks/ExceptionHandling.framework/Versions/A/ExceptionHandling
0x000000000878a000 	/System/Library/PrivateFrameworks/CoreServicesInternal.framework/Versions/A/CoreServicesInternal
0x000000000878a000 	/System/Library/CoreServices/RawCamera.bundle/Contents/MacOS/RawCamera
0x000000000878a000 	/System/Library/Frameworks/Accelerate.framework/Versions/A/Frameworks/vImage.framework/Versions/A/Libraries/libCGInterfaces.dylib
0x000000000878a000 	/System/Library/Frameworks/ApplicationServices.framework/Versions/A/Frameworks/ATS.framework/Versions/A/Resources/libTrueTypeScaler.dylib
0x000000000878a000 	/System/Library/Frameworks/OpenGL.framework/Versions/A/Resources/GLEngine.bundle/GLEngine
0x000000000878a000 	/System/Library/Frameworks/OpenGL.framework/Versions/A/Libraries/libGLProgrammability.dylib
0x00000001245a3000 	/System/Library/Extensions/AppleIntelHD4000GraphicsGLDriver.bundle/Contents/MacOS/AppleIntelHD4000GraphicsGLDriver
0x000000000878a000 	/System/Library/PrivateFrameworks/GPUSupport.framework/Versions/A/Libraries/libGPUSupportMercury.dylib
0x000000000878a000 	/System/Library/Extensions/GeForceGLDriver.bundle/Contents/MacOS/GeForceGLDriver
0x000000000878a000 	/System/Library/Extensions/GeForceGLDriver.bundle/Contents/MacOS/libclh.dylib
0x000000000878a000 	/System/Library/Frameworks/OpenGL.framework/Versions/A/Resources/GLRendererFloat.bundle/GLRendererFloat
0x000000000878a000 	/System/Library/Frameworks/OpenCL.framework/Versions/A/Libraries/libcldcpuengine.dylib
0x000000000878a000 	/usr/lib/libcrypto.0.9.8.dylib
0x000000000878a000 	/System/Library/PrivateFrameworks/TrustEvaluationAgent.framework/Versions/A/TrustEvaluationAgent
0x000000000878a000 	/System/Library/Extensions/GeForceMTLDriver.bundle/Contents/MacOS/GeForceMTLDriver
0x0000000124c78000 	/System/Library/Extensions/AppleIntelHD4000GraphicsMTLDriver.bundle/Contents/MacOS/AppleIntelHD4000GraphicsMTLDriver
0x000000000878a000 	/System/Library/PrivateFrameworks/FamilyControls.framework/Versions/A/FamilyControls
0x000000000878a000 	/System/Library/PrivateFrameworks/CommerceKit.framework/Versions/A/Frameworks/CommerceCore.framework/Versions/A/CommerceCore
0x000000000878a000 	/System/Library/PrivateFrameworks/SystemAdministration.framework/Versions/A/SystemAdministration
0x000000000878a000 	/System/Library/PrivateFrameworks/AppContainer.framework/Versions/A/AppContainer
0x000000000878a000 	/System/Library/PrivateFrameworks/SecCodeWrapper.framework/Versions/A/SecCodeWrapper
0x000000000878a000 	/System/Library/Frameworks/DirectoryService.framework/Versions/A/DirectoryService
0x000000000878a000 	/System/Library/PrivateFrameworks/DiskImages.framework/Versions/A/DiskImages
0x000000000878a000 	/System/Library/PrivateFrameworks/LoginUIKit.framework/Versions/A/Frameworks/LoginUICore.framework/Versions/A/LoginUICore
0x000000000878a000 	/usr/lib/libCoreStorage.dylib
0x000000000878a000 	/usr/lib/libcsfde.dylib
0x000000000878a000 	/usr/lib/libodfde.dylib
0x000000000878a000 	/System/Library/Frameworks/DiscRecording.framework/Versions/A/DiscRecording
0x000000000878a000 	/usr/lib/libcurl.4.dylib
0x000000000878a000 	/System/Library/PrivateFrameworks/MediaKit.framework/Versions/A/MediaKit
0x000000000878a000 	/System/Library/PrivateFrameworks/ProtectedCloudStorage.framework/Versions/A/ProtectedCloudStorage
0x000000000878a000 	/System/Library/PrivateFrameworks/EFILogin.framework/Versions/A/EFILogin
0x000000000878a000 	/usr/lib/libutil.dylib
0x000000000878a000 	/System/Library/Frameworks/LDAP.framework/Versions/A/LDAP
0x000000000878a000 	/usr/lib/libsasl2.2.dylib
0x000000000878a000 	/System/Library/PrivateFrameworks/CoreDaemon.framework/Versions/B/CoreDaemon
0x000000000878a000 	/System/Library/PrivateFrameworks/AppleSRP.framework/Versions/A/AppleSRP
0x000000000878a000 	/System/Library/PrivateFrameworks/APFS.framework/Versions/A/APFS
0x0000000126055000 	/Library/Java/JavaVirtualMachines/jdk1.8.0_65.jdk/Contents/Home/jre/lib/libfontmanager.dylib
0x000000012693f000 	/Library/Java/JavaVirtualMachines/jdk1.8.0_65.jdk/Contents/Home/jre/lib/libprism_es2.dylib
0x0000000126b96000 	/Library/Java/JavaVirtualMachines/jdk1.8.0_65.jdk/Contents/Home/jre/lib/libglass.dylib
0x000000000878a000 	/System/Library/PrivateFrameworks/ViewBridge.framework/Versions/A/ViewBridge
0x000000000878a000 	/System/Library/PrivateFrameworks/XPCService.framework/Versions/A/XPCService
0x000000000878a000 	/System/Library/PrivateFrameworks/AppSandbox.framework/Versions/A/AppSandbox
0x000000000878a000 	/usr/lib/libsandbox.1.dylib
0x000000000878a000 	/usr/lib/libMatch.1.dylib
0x0000000128815000 	/Library/Java/JavaVirtualMachines/jdk1.8.0_65.jdk/Contents/Home/jre/lib/libjavafx_font.dylib
0x0000000128e2e000 	/Library/Java/JavaVirtualMachines/jdk1.8.0_65.jdk/Contents/Home/jre/lib/libnio.dylib
0x0000000128c1f000 	/Library/Java/JavaVirtualMachines/jdk1.8.0_65.jdk/Contents/Home/jre/lib/libprism_common.dylib
0x000000012982e000 	/Library/Java/JavaVirtualMachines/jdk1.8.0_65.jdk/Contents/Home/jre/lib/libjsound.dylib
0x000000013689f000 	/System/Library/Frameworks/CoreMIDI.framework/Versions/A/CoreMIDI
0x0000000129a20000 	/usr/lib/libexpat.1.dylib
0x0000000128bb1000 	/System/Library/Extensions/AppleHDA.kext/Contents/PlugIns/AppleHDAHALPlugIn.bundle/Contents/MacOS/AppleHDAHALPlugIn
0x0000000145697000 	/System/Library/Components/CoreAudio.component/Contents/MacOS/CoreAudio
0x000000000878a000 	/System/Library/PrivateFrameworks/FinderKit.framework/Versions/A/FinderKit
0x000000000878a000 	/System/Library/Frameworks/Quartz.framework/Versions/A/Frameworks/QuickLookUI.framework/Versions/A/QuickLookUI
0x000000000878a000 	/System/Library/Frameworks/Quartz.framework/Versions/A/Frameworks/ImageKit.framework/Versions/A/ImageKit
0x000000000878a000 	/System/Library/PrivateFrameworks/Bom.framework/Versions/A/Bom
0x000000000878a000 	/System/Library/Frameworks/QuickLook.framework/Versions/A/QuickLook
0x000000000878a000 	/System/Library/PrivateFrameworks/Suggestions.framework/Versions/A/Suggestions
0x000000000878a000 	/System/Library/PrivateFrameworks/AppleSystemInfo.framework/Versions/A/AppleSystemInfo
0x000000000878a000 	/System/Library/Frameworks/ImageCaptureCore.framework/Versions/A/ImageCaptureCore
0x000000000878a000 	/System/Library/Frameworks/SafariServices.framework/Versions/A/SafariServices
0x000000000878a000 	/System/Library/Frameworks/QTKit.framework/Versions/A/QTKit
0x000000000878a000 	/System/Library/PrivateFrameworks/MobileKeyBag.framework/Versions/A/MobileKeyBag
0x000000000878a000 	/System/Library/Frameworks/AVFoundation.framework/Versions/A/AVFoundation
0x000000000878a000 	/System/Library/Frameworks/CoreMedia.framework/Versions/A/CoreMedia
0x000000000878a000 	/System/Library/Frameworks/MediaToolbox.framework/Versions/A/MediaToolbox
0x000000000878a000 	/System/Library/Frameworks/VideoToolbox.framework/Versions/A/VideoToolbox
0x000000000878a000 	/System/Library/PrivateFrameworks/CoreMediaAuthoring.framework/Versions/A/CoreMediaAuthoring
0x000000000878a000 	/System/Library/Frameworks/CoreMediaIO.framework/Versions/A/CoreMediaIO
0x000000000878a000 	/System/Library/Frameworks/AVFoundation.framework/Versions/A/Frameworks/AVFAudio.framework/Versions/A/AVFAudio
0x000000000878a000 	/System/Library/PrivateFrameworks/IntlPreferences.framework/Versions/A/IntlPreferences
0x000000000878a000 	/usr/lib/libspindump.dylib
0x000000000878a000 	/usr/lib/libdscsym.dylib
0x000000000878a000 	/System/Library/PrivateFrameworks/CoreAVCHD.framework/Versions/A/CoreAVCHD
0x000000000878a000 	/System/Library/Frameworks/MediaAccessibility.framework/Versions/A/MediaAccessibility
0x000000000878a000 	/System/Library/PrivateFrameworks/Mangrove.framework/Versions/A/Mangrove
0x000000000878a000 	/System/Library/PrivateFrameworks/CoreAUC.framework/Versions/A/CoreAUC
0x000000000878a000 	/System/Library/PrivateFrameworks/AppleVA.framework/Versions/A/AppleVA
0x000000000878a000 	/System/Library/PrivateFrameworks/QuickLookThumbnailing.framework/Versions/A/QuickLookThumbnailing
0x000000000878a000 	/System/Library/PrivateFrameworks/DisplayServices.framework/Versions/A/DisplayServices
0x000000000878a000 	/System/Library/Frameworks/Quartz.framework/Versions/A/Frameworks/PDFKit.framework/Versions/A/PDFKit
0x000000000878a000 	/System/Library/Frameworks/Quartz.framework/Versions/A/Frameworks/QuartzComposer.framework/Versions/A/QuartzComposer
0x000000000878a000 	/System/Library/Frameworks/Quartz.framework/Versions/A/Frameworks/QuartzFilters.framework/Versions/A/QuartzFilters
0x000000000878a000 	/System/Library/PrivateFrameworks/CorePDF.framework/Versions/A/CorePDF
0x000000000878a000 	/System/Library/Frameworks/JavaScriptCore.framework/Versions/A/JavaScriptCore
0x000000000878a000 	/System/Library/Frameworks/AddressBook.framework/Versions/A/AddressBook
0x000000000878a000 	/System/Library/PrivateFrameworks/ContactsPersistence.framework/Versions/A/ContactsPersistence
0x000000000878a000 	/System/Library/PrivateFrameworks/CalendarAgentLink.framework/Versions/A/CalendarAgentLink
0x000000000878a000 	/System/Library/PrivateFrameworks/ContactsFoundation.framework/Versions/A/ContactsFoundation
0x000000000878a000 	/System/Library/PrivateFrameworks/vCard.framework/Versions/A/vCard
0x000000000878a000 	/System/Library/PrivateFrameworks/ToneLibrary.framework/Versions/A/ToneLibrary
0x000000000878a000 	/System/Library/PrivateFrameworks/ToneKit.framework/Versions/A/ToneKit
0x000000000878a000 	/System/Library/PrivateFrameworks/ApplePushService.framework/Versions/A/ApplePushService
0x000000000878a000 	/System/Library/Frameworks/SecurityInterface.framework/Versions/A/SecurityInterface
0x000000000878a000 	/System/Library/PrivateFrameworks/PhoneNumbers.framework/Versions/A/PhoneNumbers
0x000000000878a000 	/System/Library/Frameworks/Quartz.framework/Versions/A/Quartz
0x000000000878a000 	/System/Library/Frameworks/Accounts.framework/Versions/A/Accounts
0x000000000878a000 	/System/Library/PrivateFrameworks/OAuth.framework/Versions/A/OAuth
0x000000000878a000 	/System/Library/PrivateFrameworks/CacheDelete.framework/Versions/A/CacheDelete
0x000000000878a000 	/System/Library/PrivateFrameworks/CloudDocs.framework/Versions/A/CloudDocs
0x000000000878a000 	/System/Library/Frameworks/CloudKit.framework/Versions/A/CloudKit
0x000000000878a000 	/System/Library/PrivateFrameworks/MMCS.framework/Versions/A/MMCS
0x000000000878a000 	/System/Library/Frameworks/CoreLocation.framework/Versions/A/CoreLocation
0x000000000878a000 	/System/Library/PrivateFrameworks/AssetCacheServices.framework/Versions/A/AssetCacheServices
0x000000000878a000 	/System/Library/PrivateFrameworks/GeoServices.framework/Versions/A/GeoServices
0x000000000878a000 	/System/Library/PrivateFrameworks/PlugInKit.framework/Versions/A/PlugInKit
0x000000013d315000 	/System/Library/Frameworks/Security.framework/PlugIns/csparser.bundle/Contents/MacOS/csparser
0x000000012a3f1000 	/System/Library/PrivateFrameworks/CoreNLP.framework/Versions/A/CoreNLP
0x0000000129b2d000 	/usr/lib/libgermantok.dylib

VM Arguments:
jvm_args: -Dvisualvm.id=364395949279818 -Didea.launcher.port=7534 -Didea.launcher.bin.path=/Applications/IntelliJ IDEA.app/Contents/bin -Dfile.encoding=UTF-8 
java_command: com.intellij.rt.execution.application.AppMain _App_.App
java_class_path (initial): /Library/Java/JavaVirtualMachines/jdk1.8.0_65.jdk/Contents/Home/jre/lib/charsets.jar:/Library/Java/JavaVirtualMachines/jdk1.8.0_65.jdk/Contents/Home/jre/lib/deploy.jar:/Library/Java/JavaVirtualMachines/jdk1.8.0_65.jdk/Contents/Home/jre/lib/ext/cldrdata.jar:/Library/Java/JavaVirtualMachines/jdk1.8.0_65.jdk/Contents/Home/jre/lib/ext/dnsns.jar:/Library/Java/JavaVirtualMachines/jdk1.8.0_65.jdk/Contents/Home/jre/lib/ext/jaccess.jar:/Library/Java/JavaVirtualMachines/jdk1.8.0_65.jdk/Contents/Home/jre/lib/ext/jfxrt.jar:/Library/Java/JavaVirtualMachines/jdk1.8.0_65.jdk/Contents/Home/jre/lib/ext/localedata.jar:/Library/Java/JavaVirtualMachines/jdk1.8.0_65.jdk/Contents/Home/jre/lib/ext/nashorn.jar:/Library/Java/JavaVirtualMachines/jdk1.8.0_65.jdk/Contents/Home/jre/lib/ext/sunec.jar:/Library/Java/JavaVirtualMachines/jdk1.8.0_65.jdk/Contents/Home/jre/lib/ext/sunjce_provider.jar:/Library/Java/JavaVirtualMachines/jdk1.8.0_65.jdk/Contents/Home/jre/lib/ext/sunpkcs11.jar:/Library/Java/JavaVirtualMachines/jdk1.8.0_65.jdk/Contents/Home/jre/lib/ext/zipfs.jar:/Library/Java/JavaVirtualMachines/jdk1.8.0_65.jdk/Contents/Home/jre/lib/javaws.jar:/Library/Java/JavaVirtualMachines/jdk1.8.0_65.jdk/Contents/Home/jre/lib/jce.jar:/Library/Java/JavaVirtualMachines/jdk1.8.0_65.jdk/Contents/Home/jre/lib/jfr.jar:/Library/Java/JavaVirtualMachines/jdk1.8.0_65.jdk/Contents/Home/jre/lib/jfxswt.jar:/Library/Java/JavaVirtualMachines/jdk1.8.0_65.jdk/Contents/Home/jre/lib/jsse.jar:/Library/Java/JavaVirtualMachines/jdk1.8.0_65.jdk/Contents/Home/jre/lib/management-agent.jar:/Library/Java/JavaVirtualMachines/jdk1.8.0_65.jdk/Contents/Home/jre/lib/plugin.jar:/Library/Java/JavaVirtualMachines/jdk1.8.0_65.jdk/Contents/Home/jre/lib/resources.jar:/Library/Java/JavaVirtualMachines/jdk1.8.0_65.jdk/Contents/Home/jre/lib/rt.jar:/Library/Java/JavaVirtualMachines/jdk1.8.0_65.jdk/Contents/Home/lib/ant-javafx.jar:/Library/Java/JavaVirtualMachines/jdk1.8.0_65.jdk/Contents/Home/lib/dt.jar:/Library/Ja
Launcher Type: SUN_STANDARD

Environment Variables:
PATH=/Users/Ryan/anaconda/bin:/opt/local/bin:/opt/local/sbin:/usr/bin:/bin:/usr/sbin:/sbin:/usr/local/bin:/opt/X11/bin:/Library/Frameworks/Mono.framework/Versions/Current/Commands
SHELL=/bin/zsh
DISPLAY=/private/tmp/com.apple.launchd.69FSuGjYeC/org.macosforge.xquartz:0

Signal Handlers:
SIGSEGV: [libjvm.dylib+0x5a6d31], sa_mask[0]=11111111011111110111111111111111, sa_flags=SA_ONSTACK|SA_RESTART|SA_SIGINFO
SIGBUS: [libjvm.dylib+0x5a6d31], sa_mask[0]=11111111011111110111111111111111, sa_flags=SA_RESTART|SA_SIGINFO
SIGFPE: [libjvm.dylib+0x480a40], sa_mask[0]=11111111011111110111111111111111, sa_flags=SA_RESTART|SA_SIGINFO
SIGPIPE: [libjvm.dylib+0x480a40], sa_mask[0]=11111111011111110111111111111111, sa_flags=SA_RESTART|SA_SIGINFO
SIGXFSZ: [libjvm.dylib+0x480a40], sa_mask[0]=11111111011111110111111111111111, sa_flags=SA_RESTART|SA_SIGINFO
SIGILL: [libjvm.dylib+0x480a40], sa_mask[0]=11111111011111110111111111111111, sa_flags=SA_RESTART|SA_SIGINFO
SIGUSR1: SIG_DFL, sa_mask[0]=00000000000000000000000000000000, sa_flags=none
SIGUSR2: [libjvm.dylib+0x48055e], sa_mask[0]=00100000000000000000000000000000, sa_flags=SA_RESTART|SA_SIGINFO
SIGHUP: [libjvm.dylib+0x47eb35], sa_mask[0]=11111111011111110111111111111111, sa_flags=SA_RESTART|SA_SIGINFO
SIGINT: [libjvm.dylib+0x47eb35], sa_mask[0]=11111111011111110111111111111111, sa_flags=SA_RESTART|SA_SIGINFO
SIGTERM: [libjvm.dylib+0x47eb35], sa_mask[0]=11111111011111110111111111111111, sa_flags=SA_RESTART|SA_SIGINFO
SIGQUIT: [libjvm.dylib+0x47eb35], sa_mask[0]=11111111011111110111111111111111, sa_flags=SA_RESTART|SA_SIGINFO


---------------  S Y S T E M  ---------------

OS:Bsduname:Darwin 16.1.0 Darwin Kernel Version 16.1.0: Wed Oct 19 20:31:56 PDT 2016; root:xnu-3789.21.4~4/RELEASE_X86_64 x86_64
rlimit: STACK 8192k, CORE 0k, NPROC 709, NOFILE 10240, AS infinity
load average:2.55 2.96 3.09

CPU:total 8 (4 cores per cpu, 2 threads per core) family 6 model 58 stepping 9, cmov, cx8, fxsr, mmx, sse, sse2, sse3, ssse3, sse4.1, sse4.2, popcnt, avx, aes, clmul, erms, ht, tsc, tscinvbit, tscinv

Memory: 4k page, physical 16777216k(573456k free)

/proc/meminfo:


vm_info: Java HotSpot(TM) 64-Bit Server VM (25.65-b01) for bsd-amd64 JRE (1.8.0_65-b17), built on Oct  6 2015 15:36:46 by "java_re" with gcc 4.2.1 (Based on Apple Inc. build 5658) (LLVM build 2336.11.00)

time: Sun May  7 23:16:30 2017
elapsed time: 2100 seconds (0d 0h 35m 0s)

